<?xml version="1.0" encoding="UTF-8"?>
<testsuite name="DataTest" tests="1" skipped="0" failures="0" errors="0" timestamp="2022-11-07T18:43:16" hostname="LAPTOP-A7DJH1MI" time="0.003">
  <properties/>
  <testcase name="tmpTest" classname="DataTest" time="0.003"/>
  <system-out><![CDATA[]]></system-out>
  <system-err><![CDATA[]]></system-err>
</testsuite>
